2025-04-01 14:14:32,347 [INFO] Activator:176 - 


2025-04-01 14:14:32,350 [INFO] Activator:177 - !SESSION log4j initialized
2025-04-01 14:14:35,807 [INFO] LogOutputStream:77 - [STDOUT_REDIRECT] 
2025-04-01 14:14:37,964 [INFO] ApplicationProperties:184 - Using Application install path: C:\ST\STM32CubeIDE_1.16.1\STM32CubeIDE\plugins\com.st.stm32cube.common.mx_6.12.1.202409122256
2025-04-01 14:14:38,001 [INFO] DbMcusXml:78 - Set database path to: C:\ST\STM32CubeIDE_1.16.1\STM32CubeIDE\plugins\com.st.stm32cube.common.mx_6.12.1.202409122256\\db\/mcu/
2025-04-01 14:14:38,002 [INFO] ApiDb:274 - Set plugin database path to: C:\ST\STM32CubeIDE_1.16.1\STM32CubeIDE\plugins\com.st.stm32cube.common.mx_6.12.1.202409122256\\db\/plugins/boardmanager/
2025-04-01 14:14:38,003 [WARN] ApiDb:259 - Overriding images path with different value:  => C:\ST\STM32CubeIDE_1.16.1\STM32CubeIDE\plugins\com.st.stm32cube.common.mx_6.12.1.202409122256\\db\/plugins/mcufinder/images/
2025-04-01 14:14:38,015 [INFO] ApiDb:250 - Set database path to: C:\Users\funny\.stmcufinder\plugins\mcufinder//mcu/
2025-04-01 14:14:38,017 [INFO] DbMcusAds:125 - Set database path to: C:\Users\funny\.stmcufinder\plugins\mcufinder//mcu/
2025-04-01 14:14:38,022 [INFO] CrossReferenceDbSqlite:203 - Set database path to: C:\Users\funny\.stmcufinder\plugins\mcufinder//mcu/cs/
2025-04-01 14:14:38,179 [INFO] RulesReader:64 - Compatibility file has been processed (297 Rules)
2025-04-01 14:14:38,309 [INFO] DbMcusXml:78 - Set database path to: C:\ST\STM32CubeIDE_1.16.1\STM32CubeIDE\plugins\com.st.stm32cube.common.mx_6.12.1.202409122256\\db\/mcu/
2025-04-01 14:14:38,310 [INFO] ApiDb:274 - Set plugin database path to: C:\ST\STM32CubeIDE_1.16.1\STM32CubeIDE\plugins\com.st.stm32cube.common.mx_6.12.1.202409122256\\db\/plugins/boardmanager/
2025-04-01 14:14:38,310 [INFO] ApiDb:261 - Set plugin images path to: C:\ST\STM32CubeIDE_1.16.1\STM32CubeIDE\plugins\com.st.stm32cube.common.mx_6.12.1.202409122256\\db\/plugins/mcufinder/images/
2025-04-01 14:14:38,311 [WARN] DbFile:41 - Overriding database path with different value: C:\Users\funny\.stmcufinder\plugins\mcufinder/ => C:\Users\funny\.stmcufinder\plugins\mcufinder
2025-04-01 14:14:38,311 [INFO] ApiDb:250 - Set database path to: C:\Users\funny\.stmcufinder\plugins\mcufinder//mcu/
2025-04-01 14:14:38,311 [WARN] DbFile:41 - Overriding database path with different value: C:\Users\funny\.stmcufinder\plugins\mcufinder/ => C:\Users\funny\.stmcufinder\plugins\mcufinder
2025-04-01 14:14:38,311 [INFO] DbMcusAds:125 - Set database path to: C:\Users\funny\.stmcufinder\plugins\mcufinder//mcu/
2025-04-01 14:14:38,311 [WARN] DbFile:41 - Overriding database path with different value: C:\Users\funny\.stmcufinder\plugins\mcufinder/ => C:\Users\funny\.stmcufinder\plugins\mcufinder
2025-04-01 14:14:38,312 [WARN] DbFile:41 - Overriding database path with different value: C:\Users\funny\.stmcufinder\plugins\mcufinder/ => C:\Users\funny\.stmcufinder\plugins\mcufinder
2025-04-01 14:14:38,312 [INFO] CrossReferenceDbSqlite:203 - Set database path to: C:\Users\funny\.stmcufinder\plugins\mcufinder//mcu/cs/
2025-04-01 14:14:38,475 [INFO] MainPanel:268 - HeapMemory: 268435456
2025-04-01 14:14:38,727 [INFO] DbMcusXml:78 - Set database path to: C:\ST\STM32CubeIDE_1.16.1\STM32CubeIDE\plugins\com.st.stm32cube.common.mx_6.12.1.202409122256\\db\/mcu/
2025-04-01 14:14:38,728 [INFO] ApiDb:274 - Set plugin database path to: C:\ST\STM32CubeIDE_1.16.1\STM32CubeIDE\plugins\com.st.stm32cube.common.mx_6.12.1.202409122256\\db\/plugins/boardmanager/
2025-04-01 14:14:38,728 [INFO] ApiDb:261 - Set plugin images path to: C:\ST\STM32CubeIDE_1.16.1\STM32CubeIDE\plugins\com.st.stm32cube.common.mx_6.12.1.202409122256\\db\/plugins/mcufinder/images/
2025-04-01 14:14:38,729 [WARN] DbFile:41 - Overriding database path with different value: C:\Users\funny\.stmcufinder\plugins\mcufinder/ => C:\Users\funny\.stmcufinder\plugins\mcufinder
2025-04-01 14:14:38,729 [INFO] ApiDb:250 - Set database path to: C:\Users\funny\.stmcufinder\plugins\mcufinder//mcu/
2025-04-01 14:14:38,729 [WARN] DbFile:41 - Overriding database path with different value: C:\Users\funny\.stmcufinder\plugins\mcufinder/ => C:\Users\funny\.stmcufinder\plugins\mcufinder
2025-04-01 14:14:38,730 [INFO] DbMcusAds:125 - Set database path to: C:\Users\funny\.stmcufinder\plugins\mcufinder//mcu/
2025-04-01 14:14:38,730 [WARN] DbFile:41 - Overriding database path with different value: C:\Users\funny\.stmcufinder\plugins\mcufinder/ => C:\Users\funny\.stmcufinder\plugins\mcufinder
2025-04-01 14:14:38,730 [WARN] DbFile:41 - Overriding database path with different value: C:\Users\funny\.stmcufinder\plugins\mcufinder/ => C:\Users\funny\.stmcufinder\plugins\mcufinder
2025-04-01 14:14:38,730 [INFO] CrossReferenceDbSqlite:203 - Set database path to: C:\Users\funny\.stmcufinder\plugins\mcufinder//mcu/cs/
2025-04-01 14:14:38,770 [INFO] ApplicationProperties:184 - Using Application install path: C:\ST\STM32CubeIDE_1.16.1\STM32CubeIDE\plugins\com.st.stm32cube.common.mx_6.12.1.202409122256
2025-04-01 14:14:38,774 [INFO] PluginManage:196 - Search for loadable plugins [exclusion list=, ]
2025-04-01 14:14:38,778 [INFO] PluginManage:310 - Check plugin analytics
2025-04-01 14:14:39,072 [INFO] AnalyticsPlugin:253 - Accepted Software Licenses: 
2025-04-01 14:14:39,072 [INFO] AnalyticsPlugin:255 - Accepted CMSIS Pack Licenses: 
2025-04-01 14:14:39,072 [INFO] AnalyticsPlugin:257 - Accepted Firmware Licenses: FW.L4.1.18.0
2025-04-01 14:14:39,079 [INFO] PluginManage:359 - Loaded plugin analytics (category:tool,tabindex:-1)
2025-04-01 14:14:39,080 [INFO] PluginManage:310 - Check plugin cadmodel
2025-04-01 14:14:39,089 [INFO] CADModel:105 - Init CAD model plugin
2025-04-01 14:14:39,089 [INFO] PluginManage:359 - Loaded plugin cadmodel (category:power,tabindex:5)
2025-04-01 14:14:39,090 [INFO] PluginManage:310 - Check plugin clock
2025-04-01 14:14:39,106 [INFO] PluginManage:359 - Loaded plugin clock (category:base,tabindex:2)
2025-04-01 14:14:39,107 [INFO] PluginManage:310 - Check plugin ddr
2025-04-01 14:14:39,133 [INFO] PluginManage:359 - Loaded plugin ddr (category:tool,tabindex:6)
2025-04-01 14:14:39,134 [INFO] PluginManage:310 - Check plugin filemanager
2025-04-01 14:14:39,428 [INFO] PluginManage:359 - Loaded plugin filemanager (category:base,tabindex:10)
2025-04-01 14:14:39,428 [INFO] PluginManage:310 - Check plugin ipmanager
2025-04-01 14:14:39,442 [INFO] PluginManage:359 - Loaded plugin ipmanager (category:base,tabindex:5)
2025-04-01 14:14:39,443 [INFO] PluginManage:310 - Check plugin lpbam
2025-04-01 14:14:39,454 [INFO] PluginManage:359 - Loaded plugin lpbam (category:base,tabindex:0)
2025-04-01 14:14:39,454 [INFO] PluginManage:310 - Check plugin memorymap
2025-04-01 14:14:39,479 [INFO] PluginManage:359 - Loaded plugin memorymap (category:base,tabindex:4)
2025-04-01 14:14:39,479 [INFO] PluginManage:310 - Check plugin pinoutandconfiguration
2025-04-01 14:14:39,487 [INFO] PluginManage:359 - Loaded plugin pinoutandconfiguration (category:base,tabindex:1)
2025-04-01 14:14:39,488 [INFO] PluginManage:310 - Check plugin pinoutconfig
2025-04-01 14:14:39,610 [WARN] SupportedApi:132 - Cannot load RTOS API schema: s4s-elt-must-match.1: The content of 'definitions' must match (annotation?, (simpleType | complexType)?, (unique | key | keyref)*)). A problem was found starting at: attribute.
2025-04-01 14:14:39,816 [INFO] PluginManage:359 - Loaded plugin pinoutconfig (category:base,tabindex:0)
2025-04-01 14:14:39,817 [INFO] PluginManage:310 - Check plugin power
2025-04-01 14:14:39,831 [INFO] PluginManage:359 - Loaded plugin power (category:power,tabindex:4)
2025-04-01 14:14:39,831 [INFO] PluginManage:310 - Check plugin projectmanager
2025-04-01 14:14:39,881 [INFO] PluginManage:359 - Loaded plugin projectmanager (category:projectmanager,tabindex:4)
2025-04-01 14:14:39,882 [INFO] PluginManage:310 - Check plugin rif
2025-04-01 14:14:39,897 [INFO] PluginManage:359 - Loaded plugin rif (category:base,tabindex:3)
2025-04-01 14:14:39,898 [INFO] PluginManage:310 - Check plugin thirdparty
2025-04-01 14:14:40,117 [INFO] PluginManage:359 - Loaded plugin thirdparty (category:base,tabindex:-1)
2025-04-01 14:14:40,117 [WARN] IntegrityCheckThread:84 - waiting for thirdparty lock release [integrity check]
2025-04-01 14:14:40,117 [INFO] PluginManage:310 - Check plugin tools
2025-04-01 14:14:40,117 [INFO] IntegrityCheckThread:86 - entering critical section [integrity check]
2025-04-01 14:14:40,119 [INFO] ThirdPartyUpdaterWithRetryManager:70 - Updater plugin not ready yet. [1/15]
2025-04-01 14:14:40,121 [INFO] PluginManage:359 - Loaded plugin tools (category:base,tabindex:7)
2025-04-01 14:14:40,122 [INFO] PluginManage:310 - Check plugin tutovideos
2025-04-01 14:14:40,394 [INFO] PluginManage:359 - Loaded plugin tutovideos (category:base,tabindex:-1)
2025-04-01 14:14:40,394 [INFO] PluginManage:310 - Check plugin updater
2025-04-01 14:14:40,428 [INFO] PluginManage:359 - Loaded plugin updater (category:base,tabindex:12)
2025-04-01 14:14:40,428 [INFO] PluginManage:310 - Check plugin userauth
2025-04-01 14:14:40,437 [INFO] UserAuth:113 - Init User Auth plugin
2025-04-01 14:14:40,437 [INFO] PluginManage:359 - Loaded plugin userauth (category:base,tabindex:14)
2025-04-01 14:14:40,438 [INFO] PluginManage:283 - PluginManage : Loaded plugins [18]
2025-04-01 14:14:40,869 [INFO] PinOutPanel:1561 - setPackage(No Configuration,No Configuration)
2025-04-01 14:14:41,093 [INFO] CADModel:165 - CPN selected for project level
2025-04-01 14:14:41,095 [INFO] CADModel:114 - Register for checkConnection events
2025-04-01 14:14:41,136 [INFO] IPUIPlugin:80 - create IPUIPlugin
2025-04-01 14:14:41,137 [INFO] PluginManager:220 - loadIPPluginJar : add adc
2025-04-01 14:14:41,144 [INFO] IPUIPlugin:80 - create IPUIPlugin
2025-04-01 14:14:41,145 [INFO] PluginManager:220 - loadIPPluginJar : add aes
2025-04-01 14:14:41,152 [INFO] IPUIPlugin:80 - create IPUIPlugin
2025-04-01 14:14:41,152 [INFO] PluginManager:220 - loadIPPluginJar : add can
2025-04-01 14:14:41,157 [INFO] IPUIPlugin:80 - create IPUIPlugin
2025-04-01 14:14:41,158 [INFO] PluginManager:220 - loadIPPluginJar : add comp
2025-04-01 14:14:41,165 [INFO] IPUIPlugin:80 - create IPUIPlugin
2025-04-01 14:14:41,165 [INFO] PluginManager:220 - loadIPPluginJar : add cryp
2025-04-01 14:14:41,172 [INFO] IPUIPlugin:80 - create IPUIPlugin
2025-04-01 14:14:41,172 [INFO] PluginManager:220 - loadIPPluginJar : add ddr_ctrl_phy
2025-04-01 14:14:41,178 [INFO] IPUIPlugin:80 - create IPUIPlugin
2025-04-01 14:14:41,178 [INFO] PluginManager:220 - loadIPPluginJar : add dfsdm
2025-04-01 14:14:41,191 [INFO] IPUIPlugin:80 - create IPUIPlugin
2025-04-01 14:14:41,193 [INFO] PluginManager:220 - loadIPPluginJar : add dma
2025-04-01 14:14:41,200 [INFO] IPUIPlugin:80 - create IPUIPlugin
2025-04-01 14:14:41,200 [INFO] PluginManager:220 - loadIPPluginJar : add dma3
2025-04-01 14:14:41,209 [INFO] IPUIPlugin:80 - create IPUIPlugin
2025-04-01 14:14:41,209 [INFO] PluginManager:220 - loadIPPluginJar : add extmemmanager
2025-04-01 14:14:41,213 [INFO] IPUIPlugin:80 - create IPUIPlugin
2025-04-01 14:14:41,214 [INFO] PluginManager:220 - loadIPPluginJar : add fatfs
2025-04-01 14:14:41,231 [INFO] IPUIPlugin:80 - create IPUIPlugin
2025-04-01 14:14:41,232 [INFO] PluginManager:220 - loadIPPluginJar : add fmc
2025-04-01 14:14:41,243 [INFO] IPUIPlugin:80 - create IPUIPlugin
2025-04-01 14:14:41,244 [INFO] PluginManager:220 - loadIPPluginJar : add freertos
2025-04-01 14:14:41,248 [INFO] IPUIPlugin:80 - create IPUIPlugin
2025-04-01 14:14:41,248 [INFO] PluginManager:220 - loadIPPluginJar : add genericplugin
2025-04-01 14:14:41,253 [INFO] IPUIPlugin:80 - create IPUIPlugin
2025-04-01 14:14:41,253 [INFO] PluginManager:220 - loadIPPluginJar : add gfxmmu
2025-04-01 14:14:41,273 [INFO] IPUIPlugin:80 - create IPUIPlugin
2025-04-01 14:14:41,275 [INFO] PluginManager:220 - loadIPPluginJar : add gic
2025-04-01 14:14:41,288 [INFO] IPUIPlugin:80 - create IPUIPlugin
2025-04-01 14:14:41,292 [INFO] PluginManager:220 - loadIPPluginJar : add gpio
2025-04-01 14:14:41,309 [INFO] IPUIPlugin:80 - create IPUIPlugin
2025-04-01 14:14:41,309 [INFO] PluginManager:220 - loadIPPluginJar : add gtzc
2025-04-01 14:14:41,317 [INFO] IPUIPlugin:80 - create IPUIPlugin
2025-04-01 14:14:41,318 [INFO] PluginManager:220 - loadIPPluginJar : add hash
2025-04-01 14:14:41,325 [INFO] IPUIPlugin:80 - create IPUIPlugin
2025-04-01 14:14:41,326 [INFO] PluginManager:220 - loadIPPluginJar : add i2c
2025-04-01 14:14:41,333 [INFO] IPUIPlugin:80 - create IPUIPlugin
2025-04-01 14:14:41,333 [INFO] PluginManager:220 - loadIPPluginJar : add i2s
2025-04-01 14:14:41,340 [INFO] IPUIPlugin:80 - create IPUIPlugin
2025-04-01 14:14:41,341 [INFO] PluginManager:220 - loadIPPluginJar : add i3c
2025-04-01 14:14:41,350 [INFO] IPUIPlugin:80 - create IPUIPlugin
2025-04-01 14:14:41,350 [INFO] PluginManager:220 - loadIPPluginJar : add ipddr
2025-04-01 14:14:41,368 [INFO] IPUIPlugin:80 - create IPUIPlugin
2025-04-01 14:14:41,369 [INFO] PluginManager:220 - loadIPPluginJar : add linkedlist
2025-04-01 14:14:41,377 [INFO] IPUIPlugin:80 - create IPUIPlugin
2025-04-01 14:14:41,377 [INFO] PluginManager:220 - loadIPPluginJar : add lorawan
2025-04-01 14:14:41,381 [INFO] IPUIPlugin:80 - create IPUIPlugin
2025-04-01 14:14:41,382 [INFO] PluginManager:220 - loadIPPluginJar : add ltdc
2025-04-01 14:14:41,395 [INFO] IPUIPlugin:80 - create IPUIPlugin
2025-04-01 14:14:41,395 [INFO] PluginManager:220 - loadIPPluginJar : add mdma
2025-04-01 14:14:41,403 [INFO] IPUIPlugin:80 - create IPUIPlugin
2025-04-01 14:14:41,403 [INFO] PluginManager:220 - loadIPPluginJar : add nvic
2025-04-01 14:14:41,413 [INFO] IPUIPlugin:80 - create IPUIPlugin
2025-04-01 14:14:41,414 [INFO] PluginManager:220 - loadIPPluginJar : add opamp
2025-04-01 14:14:41,422 [INFO] IPUIPlugin:80 - create IPUIPlugin
2025-04-01 14:14:41,422 [INFO] PluginManager:220 - loadIPPluginJar : add openamp
2025-04-01 14:14:41,435 [INFO] IPUIPlugin:80 - create IPUIPlugin
2025-04-01 14:14:41,436 [INFO] PluginManager:220 - loadIPPluginJar : add pdm2pcm
2025-04-01 14:14:41,458 [INFO] IPUIPlugin:80 - create IPUIPlugin
2025-04-01 14:14:41,465 [INFO] PluginManager:220 - loadIPPluginJar : add plateformsettings
2025-04-01 14:14:41,471 [INFO] IPUIPlugin:80 - create IPUIPlugin
2025-04-01 14:14:41,472 [INFO] PluginManager:220 - loadIPPluginJar : add quadspi
2025-04-01 14:14:41,478 [INFO] IPUIPlugin:80 - create IPUIPlugin
2025-04-01 14:14:41,480 [INFO] PluginManager:220 - loadIPPluginJar : add radio
2025-04-01 14:14:41,489 [INFO] IPUIPlugin:80 - create IPUIPlugin
2025-04-01 14:14:41,490 [INFO] PluginManager:220 - loadIPPluginJar : add resmgrutility
2025-04-01 14:14:41,499 [INFO] IPUIPlugin:80 - create IPUIPlugin
2025-04-01 14:14:41,499 [INFO] PluginManager:220 - loadIPPluginJar : add sai
2025-04-01 14:14:41,504 [INFO] IPUIPlugin:80 - create IPUIPlugin
2025-04-01 14:14:41,505 [INFO] PluginManager:220 - loadIPPluginJar : add spi
2025-04-01 14:14:41,519 [INFO] IPUIPlugin:80 - create IPUIPlugin
2025-04-01 14:14:41,519 [INFO] PluginManager:220 - loadIPPluginJar : add stm32_wpan
2025-04-01 14:14:41,523 [INFO] IPUIPlugin:80 - create IPUIPlugin
2025-04-01 14:14:41,523 [INFO] PluginManager:220 - loadIPPluginJar : add tim
2025-04-01 14:14:41,532 [INFO] IPUIPlugin:80 - create IPUIPlugin
2025-04-01 14:14:41,533 [INFO] PluginManager:220 - loadIPPluginJar : add touchsensing
2025-04-01 14:14:41,537 [INFO] IPUIPlugin:80 - create IPUIPlugin
2025-04-01 14:14:41,538 [INFO] PluginManager:220 - loadIPPluginJar : add tracer_emb
2025-04-01 14:14:41,544 [INFO] IPUIPlugin:80 - create IPUIPlugin
2025-04-01 14:14:41,544 [INFO] PluginManager:220 - loadIPPluginJar : add ts
2025-04-01 14:14:41,548 [INFO] IPUIPlugin:80 - create IPUIPlugin
2025-04-01 14:14:41,549 [INFO] PluginManager:220 - loadIPPluginJar : add tsc
2025-04-01 14:14:41,553 [INFO] IPUIPlugin:80 - create IPUIPlugin
2025-04-01 14:14:41,554 [INFO] PluginManager:220 - loadIPPluginJar : add ucpd
2025-04-01 14:14:41,561 [INFO] IPUIPlugin:80 - create IPUIPlugin
2025-04-01 14:14:41,561 [INFO] PluginManager:220 - loadIPPluginJar : add usart
2025-04-01 14:14:41,568 [INFO] IPUIPlugin:80 - create IPUIPlugin
2025-04-01 14:14:41,568 [INFO] PluginManager:220 - loadIPPluginJar : add usbx
2025-04-01 14:14:41,776 [INFO] CADModel:165 - CPN selected for project level
2025-04-01 14:14:41,776 [INFO] CADModel:114 - Register for checkConnection events
2025-04-01 14:14:41,777 [FATAL] Updater:334 - Updater called before beeing initialized
2025-04-01 14:14:41,777 [ERROR] CADModel:125 - Updater not yet initialized, retry later 
2025-04-01 14:14:42,117 [INFO] CADModel:165 - CPN selected for project level
2025-04-01 14:14:42,117 [INFO] CADModel:114 - Register for checkConnection events
2025-04-01 14:14:42,117 [FATAL] Updater:334 - Updater called before beeing initialized
2025-04-01 14:14:42,117 [ERROR] CADModel:125 - Updater not yet initialized, retry later 
2025-04-01 14:14:42,124 [FATAL] Updater:334 - Updater called before beeing initialized
2025-04-01 14:14:42,305 [FATAL] Updater:334 - Updater called before beeing initialized
2025-04-01 14:14:42,313 [INFO] DbMcusAds:53 - JSON generation date=Thu Sep 30 02:55:09 EDT 2021 (1632984909247)
2025-04-01 14:14:42,313 [FATAL] Updater:334 - Updater called before beeing initialized
2025-04-01 14:14:42,361 [WARN] DetailPanel:346 - Failed to get advertising image, set to default
2025-04-01 14:14:42,452 [FATAL] Updater:334 - Updater called before beeing initialized
2025-04-01 14:14:42,454 [FATAL] Updater:334 - Updater called before beeing initialized
2025-04-01 14:14:42,454 [FATAL] Updater:334 - Updater called before beeing initialized
2025-04-01 14:14:42,454 [WARN] DetailPanel:346 - Failed to get advertising image, set to default
2025-04-01 14:14:42,455 [FATAL] Updater:334 - Updater called before beeing initialized
2025-04-01 14:14:42,524 [ERROR] Updater:1164 - MainUpdater not yet initialized. External WinMGr cannot be set.
2025-04-01 14:14:42,528 [INFO] Updater:1100 - Updater Version found : 6.12.1
2025-04-01 14:14:42,563 [INFO] ApplicationProperties:184 - Using Application install path: C:\ST\STM32CubeIDE_1.16.1\STM32CubeIDE\plugins\com.st.stm32cube.common.mx_6.12.1.202409122256
2025-04-01 14:14:43,121 [INFO] ThirdPartyUpdaterWithRetryManager:70 - Updater plugin not ready yet. [2/15]
2025-04-01 14:14:44,149 [ERROR] LogOutputStream:75 - [STDERR_REDIRECT] Apr 01, 2025 2:14:44 PM java.util.prefs.WindowsPreferences <init>
2025-04-01 14:14:44,151 [ERROR] LogOutputStream:75 - [STDERR_REDIRECT] WARNING: Could not open/create prefs root node Software\JavaSoft\Prefs at root 0xffffffff80000002. Windows RegCreateKeyEx(...) returned error code 5.
2025-04-01 14:14:44,152 [ERROR] LogOutputStream:75 - [STDERR_REDIRECT] 
2025-04-01 14:14:44,570 [INFO] MainUpdater:2873 - connection check result : 10
2025-04-01 14:14:44,570 [INFO] MainUpdater:290 - Updater Check For Update Now.
2025-04-01 14:14:44,571 [INFO] MicroXplorer:498 - Change Database Version : DB.6.0.121
2025-04-01 14:14:44,601 [INFO] McuFinderGlobals:63 - Set McuFinder mode to 2 (CubeIDE integrated)
2025-04-01 14:14:44,602 [INFO] UserAuth:179 - activating auth plugin
2025-04-01 14:14:44,618 [INFO] UserAuth:417 - Internet connection configuration mode: 1
2025-04-01 14:14:44,655 [INFO] JxBrowserEngine:152 - Initiate JxBrowser Engine with user profile folder
2025-04-01 14:14:44,767 [INFO] CheckServerUpdateThread:120 - End of CheckServer Thread
2025-04-01 14:14:45,552 [INFO] WebApp:167 - Instantiating new browser for Auth
2025-04-01 14:14:46,451 [WARN] PackLoader:240 - Cannot read IP mode file for STMicroelectronics.FP-SNS-MOTENVWB1.1.4.0
2025-04-01 14:14:46,472 [WARN] PackLoader:240 - Cannot read IP mode file for STMicroelectronics.FP-ATR-ASTRA1.2.0.2
2025-04-01 14:14:46,481 [WARN] PackLoader:240 - Cannot read IP mode file for STMicroelectronics.FP-ATR-ASTRA1.2.0.1
2025-04-01 14:14:46,499 [WARN] PackLoader:240 - Cannot read IP mode file for STMicroelectronics.X-CUBE-SMBUS.2.1.0
2025-04-01 14:14:46,514 [WARN] PackLoader:240 - Cannot read IP mode file for STMicroelectronics.X-CUBE-WB05N.1.1.0
2025-04-01 14:14:46,565 [WARN] PackLoader:240 - Cannot read IP mode file for STMicroelectronics.X-CUBE-AZRTOS-F7.1.1.0
2025-04-01 14:14:46,584 [WARN] PackLoader:240 - Cannot read IP mode file for STMicroelectronics.FP-SNS-FLIGHT1.5.0.2
2025-04-01 14:14:46,635 [WARN] PackLoader:240 - Cannot read IP mode file for Infineon.AIROC-Wi-Fi-Bluetooth-STM32.1.7.0
2025-04-01 14:14:46,662 [WARN] PackLoader:240 - Cannot read IP mode file for STMicroelectronics.X-CUBE-DISPLAY.3.0.0
2025-04-01 14:14:46,682 [WARN] PackLoader:240 - Cannot read IP mode file for STMicroelectronics.X-CUBE-BLE1.7.0.0
2025-04-01 14:14:46,697 [WARN] PackLoader:240 - Cannot read IP mode file for STMicroelectronics.X-CUBE-NFC10.1.0.0
2025-04-01 14:14:46,720 [WARN] PackLoader:240 - Cannot read IP mode file for STMicroelectronics.X-CUBE-BLEMGR.4.0.0
2025-04-01 14:14:46,727 [INFO] WebApp:448 - Apply proxy settings
2025-04-01 14:14:46,728 [INFO] WebApp:533 - Chromium requires no authentication
2025-04-01 14:14:46,738 [WARN] PackLoader:240 - Cannot read IP mode file for emotas.I-CUBE-CANOPEN.1.3.0
2025-04-01 14:14:46,747 [WARN] PackLoader:240 - Cannot read IP mode file for STMicroelectronics.X-CUBE-AI.10.0.0
2025-04-01 14:14:46,755 [WARN] PackLoader:240 - Cannot read IP mode file for STMicroelectronics.FP-SNS-SMARTAG2.1.2.0
2025-04-01 14:14:46,765 [ERROR] Engine:466 - C:\Users\funny\.stm32cubemx\thirdparties\pdsc\STMicroelectronics.FP-SNS-FLIGHT1.5.1.0.pdsc: PDSC version is not supported
2025-04-01 14:14:46,773 [INFO] WebApp:476 - Direct internet connection detected
2025-04-01 14:14:46,843 [INFO] WebApp:869 - Register for checkConnection events
2025-04-01 14:14:46,844 [INFO] WebApp:448 - Apply proxy settings
2025-04-01 14:14:46,844 [INFO] WebApp:533 - Chromium requires no authentication
2025-04-01 14:14:46,845 [INFO] WebApp:476 - Direct internet connection detected
2025-04-01 14:14:46,850 [WARN] PackLoader:240 - Cannot read IP mode file for STMicroelectronics.X-CUBE-MEMS1.11.1.0
2025-04-01 14:14:47,081 [INFO] WebApp:186 - Connection restablished
2025-04-01 14:14:47,166 [INFO] LogOutputStream:77 - [STDOUT_REDIRECT] 1 : Invalid condition id : UX_CORESTACK_Condition cause : null
2025-04-01 14:14:47,168 [INFO] LogOutputStream:77 - [STDOUT_REDIRECT] 1 : Invalid condition id : UX_CORESTACK_Condition cause : null
2025-04-01 14:14:47,171 [INFO] LogOutputStream:77 - [STDOUT_REDIRECT] 1 : Invalid condition id : UX_CORESTACK_Condition cause : null
2025-04-01 14:14:47,174 [INFO] LogOutputStream:77 - [STDOUT_REDIRECT] 1 : Invalid condition id : UX_CORESTACK_Condition cause : null
2025-04-01 14:14:47,176 [INFO] LogOutputStream:77 - [STDOUT_REDIRECT] 1 : Invalid condition id : UX_CORESTACK_Condition cause : null
2025-04-01 14:14:47,180 [WARN] PackLoader:240 - Cannot read IP mode file for STMicroelectronics.X-CUBE-AZRTOS-WL.2.0.0
2025-04-01 14:14:47,189 [WARN] PackLoader:240 - Cannot read IP mode file for STMicroelectronics.FP-SNS-MOTENV1.5.0.0
2025-04-01 14:14:47,201 [WARN] PackLoader:240 - Cannot read IP mode file for wolfSSL.I-CUBE-wolfMQTT.1.19.0
2025-04-01 14:14:47,219 [WARN] PackLoader:240 - Cannot read IP mode file for WES.I-CUBE-Cesium.1.3.0
2025-04-01 14:14:47,227 [WARN] PackLoader:240 - Cannot read IP mode file for STMicroelectronics.X-CUBE-BLE2.3.3.0
2025-04-01 14:14:47,239 [WARN] PackLoader:240 - Cannot read IP mode file for STMicroelectronics.X-CUBE-NFC9.1.0.0
2025-04-01 14:14:47,248 [WARN] PackLoader:240 - Cannot read IP mode file for STMicroelectronics.X-CUBE-BLE1.7.1.0
2025-04-01 14:14:47,272 [WARN] PackLoader:240 - Cannot read IP mode file for STMicroelectronics.X-CUBE-AZRTOS-G0.1.1.0
2025-04-01 14:14:47,283 [WARN] PackLoader:240 - Cannot read IP mode file for STMicroelectronics.X-CUBE-SAFEA1.1.2.2
2025-04-01 14:14:47,294 [WARN] PackLoader:240 - Cannot read IP mode file for STMicroelectronics.X-CUBE-NFC4.3.0.0
2025-04-01 14:14:47,311 [WARN] PackLoader:240 - Cannot read IP mode file for EmbeddedOffice.I-CUBE-FS-RTOS.1.0.1
2025-04-01 14:14:47,311 [ERROR] ConditionMgr:805 - Attr not supported : Dmpu
2025-04-01 14:14:47,311 [ERROR] ConditionMgr:805 - Attr not supported : Dmpu
2025-04-01 14:14:47,312 [ERROR] ConditionMgr:805 - Attr not supported : Dmpu
2025-04-01 14:14:47,312 [ERROR] ConditionMgr:805 - Attr not supported : Dmpu
2025-04-01 14:14:47,312 [ERROR] ConditionMgr:805 - Attr not supported : Dmpu
2025-04-01 14:14:47,312 [ERROR] ConditionMgr:805 - Attr not supported : Dmpu
2025-04-01 14:14:47,312 [ERROR] ConditionMgr:805 - Attr not supported : Dmpu
2025-04-01 14:14:47,312 [ERROR] ConditionMgr:805 - Attr not supported : Dmpu
2025-04-01 14:14:47,312 [ERROR] ConditionMgr:805 - Attr not supported : Dmpu
2025-04-01 14:14:47,312 [ERROR] ConditionMgr:805 - Attr not supported : Dmpu
2025-04-01 14:14:47,312 [ERROR] ConditionMgr:805 - Attr not supported : Dmpu
2025-04-01 14:14:47,312 [ERROR] ConditionMgr:805 - Attr not supported : Dmpu
2025-04-01 14:14:47,312 [ERROR] ConditionMgr:805 - Attr not supported : Dmpu
2025-04-01 14:14:47,312 [ERROR] ConditionMgr:805 - Attr not supported : Dmpu
2025-04-01 14:14:47,312 [ERROR] ConditionMgr:805 - Attr not supported : Dmpu
2025-04-01 14:14:47,313 [ERROR] ConditionMgr:805 - Attr not supported : Dmpu
2025-04-01 14:14:47,313 [ERROR] ConditionMgr:805 - Attr not supported : Dmpu
2025-04-01 14:14:47,313 [ERROR] ConditionMgr:805 - Attr not supported : Dmpu
2025-04-01 14:14:47,313 [ERROR] ConditionMgr:805 - Attr not supported : Dmpu
2025-04-01 14:14:47,313 [ERROR] ConditionMgr:805 - Attr not supported : Dmpu
2025-04-01 14:14:47,313 [ERROR] ConditionMgr:805 - Attr not supported : Dmpu
2025-04-01 14:14:47,313 [ERROR] ConditionMgr:805 - Attr not supported : Dmpu
2025-04-01 14:14:47,313 [ERROR] ConditionMgr:805 - Attr not supported : Dmpu
2025-04-01 14:14:47,313 [ERROR] ConditionMgr:805 - Attr not supported : Dmpu
2025-04-01 14:14:47,313 [ERROR] ConditionMgr:805 - Attr not supported : Dmpu
2025-04-01 14:14:47,313 [ERROR] ConditionMgr:805 - Attr not supported : Dmpu
2025-04-01 14:14:47,313 [ERROR] ConditionMgr:805 - Attr not supported : Dmpu
2025-04-01 14:14:47,313 [ERROR] ConditionMgr:805 - Attr not supported : Dmpu
2025-04-01 14:14:47,314 [ERROR] ConditionMgr:805 - Attr not supported : Dmpu
2025-04-01 14:14:47,314 [ERROR] ConditionMgr:805 - Attr not supported : Dmpu
2025-04-01 14:14:47,314 [ERROR] ConditionMgr:805 - Attr not supported : Dmpu
2025-04-01 14:14:47,314 [ERROR] ConditionMgr:805 - Attr not supported : Dmpu
2025-04-01 14:14:47,314 [ERROR] ConditionMgr:805 - Attr not supported : Dmpu
2025-04-01 14:14:47,314 [ERROR] ConditionMgr:805 - Attr not supported : Dmpu
2025-04-01 14:14:47,314 [ERROR] ConditionMgr:805 - Attr not supported : Dmpu
2025-04-01 14:14:47,314 [ERROR] ConditionMgr:805 - Attr not supported : Dmpu
2025-04-01 14:14:47,314 [ERROR] ConditionMgr:805 - Attr not supported : Dmpu
2025-04-01 14:14:47,314 [ERROR] ConditionMgr:805 - Attr not supported : Dmpu
2025-04-01 14:14:47,314 [ERROR] ConditionMgr:805 - Attr not supported : Dmpu
2025-04-01 14:14:47,314 [ERROR] ConditionMgr:805 - Attr not supported : Dmpu
2025-04-01 14:14:47,314 [ERROR] ConditionMgr:805 - Attr not supported : Dmpu
2025-04-01 14:14:47,314 [ERROR] ConditionMgr:805 - Attr not supported : Dmpu
2025-04-01 14:14:47,315 [ERROR] ConditionMgr:805 - Attr not supported : Dmpu
2025-04-01 14:14:47,315 [ERROR] ConditionMgr:805 - Attr not supported : Dmpu
2025-04-01 14:14:47,315 [ERROR] ConditionMgr:805 - Attr not supported : Dmpu
2025-04-01 14:14:47,315 [ERROR] ConditionMgr:805 - Attr not supported : Dmpu
2025-04-01 14:14:47,315 [ERROR] ConditionMgr:805 - Attr not supported : Dmpu
2025-04-01 14:14:47,315 [ERROR] ConditionMgr:805 - Attr not supported : Dmpu
2025-04-01 14:14:47,315 [ERROR] ConditionMgr:805 - Attr not supported : Dmpu
2025-04-01 14:14:47,315 [ERROR] ConditionMgr:805 - Attr not supported : Dmpu
2025-04-01 14:14:47,315 [ERROR] ConditionMgr:805 - Attr not supported : Dmpu
2025-04-01 14:14:47,315 [ERROR] ConditionMgr:805 - Attr not supported : Dmpu
2025-04-01 14:14:47,315 [ERROR] ConditionMgr:805 - Attr not supported : Dmpu
2025-04-01 14:14:47,315 [ERROR] ConditionMgr:805 - Attr not supported : Dmpu
2025-04-01 14:14:47,315 [ERROR] ConditionMgr:805 - Attr not supported : Dmpu
2025-04-01 14:14:47,315 [ERROR] ConditionMgr:805 - Attr not supported : Dmpu
2025-04-01 14:14:47,315 [ERROR] ConditionMgr:805 - Attr not supported : Dmpu
2025-04-01 14:14:47,316 [ERROR] ConditionMgr:805 - Attr not supported : Dmpu
2025-04-01 14:14:47,316 [ERROR] ConditionMgr:805 - Attr not supported : Dmpu
2025-04-01 14:14:47,316 [ERROR] ConditionMgr:805 - Attr not supported : Dmpu
2025-04-01 14:14:47,316 [ERROR] ConditionMgr:805 - Attr not supported : Dmpu
2025-04-01 14:14:47,316 [ERROR] ConditionMgr:805 - Attr not supported : Dmpu
2025-04-01 14:14:47,316 [ERROR] ConditionMgr:805 - Attr not supported : Dmpu
2025-04-01 14:14:47,316 [ERROR] ConditionMgr:805 - Attr not supported : Dmpu
2025-04-01 14:14:47,320 [ERROR] Engine:466 - C:\Users\funny\.stm32cubemx\thirdparties\pdsc\STMicroelectronics.X-CUBE-TCPP.4.2.0.pdsc: PDSC version is not supported
2025-04-01 14:14:47,329 [WARN] PackLoader:240 - Cannot read IP mode file for RealThread.X-CUBE-RT-Thread_Nano.4.1.1
2025-04-01 14:14:47,336 [WARN] PackLoader:240 - Cannot read IP mode file for STMicroelectronics.FP-ATR-SIGFOX1.3.2.0
2025-04-01 14:14:47,345 [WARN] ConditionMgr:438 - getConditionDescription Invalid condition id : Cortex-A Device cause : null
2025-04-01 14:14:47,367 [WARN] ConditionMgr:1039 - genDependencies : Invalid condition id : Cortex-A Device cause : null
2025-04-01 14:14:47,368 [WARN] ConditionMgr:1039 - genDependencies : Invalid condition id : Cortex-A Device cause : null
2025-04-01 14:14:47,369 [WARN] ConditionMgr:1039 - genDependencies : Invalid condition id : Cortex-A Device cause : null
2025-04-01 14:14:47,380 [WARN] PackLoader:240 - Cannot read IP mode file for STMicroelectronics.X-CUBE-EEPRMA1.5.1.0
2025-04-01 14:14:47,389 [WARN] PackLoader:240 - Cannot read IP mode file for wolfSSL.I-CUBE-wolfSSL.5.7.6
2025-04-01 14:14:47,399 [WARN] PackLoader:240 - Cannot read IP mode file for ITTIA_DB.I-CUBE-ITTIADB.8.9.0
2025-04-01 14:14:47,452 [WARN] PackLoader:240 - Cannot read IP mode file for SEGGER.I-CUBE-embOS.1.3.1
2025-04-01 14:14:47,527 [WARN] PackLoader:240 - Cannot read IP mode file for STMicroelectronics.X-CUBE-ALGOBUILD.1.4.0
2025-04-01 14:14:47,533 [INFO] WebApp:220 - Starting web application
2025-04-01 14:14:47,534 [INFO] WebApp:578 - Web application path used C:\ST\STM32CubeIDE_1.16.1\STM32CubeIDE\plugins\com.st.stm32cube.common.mx_6.12.1.202409122256\db\plugins\mcufinder\reactClient1\index.html
2025-04-01 14:14:47,552 [WARN] PackLoader:240 - Cannot read IP mode file for STMicroelectronics.X-CUBE-AZRTOS-F4.1.1.0
2025-04-01 14:14:47,563 [WARN] PackLoader:240 - Cannot read IP mode file for STMicroelectronics.X-CUBE-ISPU.2.1.0
2025-04-01 14:14:47,588 [WARN] PackLoader:240 - Cannot read IP mode file for STMicroelectronics.X-CUBE-AZRTOS-L5.2.0.0
2025-04-01 14:14:47,603 [WARN] PackLoader:240 - Cannot read IP mode file for STMicroelectronics.X-CUBE-NFC6.3.1.0
2025-04-01 14:14:47,613 [WARN] PackLoader:240 - Cannot read IP mode file for STMicroelectronics.X-CUBE-DPower.1.2.0
2025-04-01 14:14:47,621 [WARN] PackLoader:240 - Cannot read IP mode file for STMicroelectronics.X-CUBE-FREERTOS.1.3.0
2025-04-01 14:14:47,629 [WARN] PackLoader:240 - Cannot read IP mode file for STMicroelectronics.X-CUBE-NFC7.1.0.1
2025-04-01 14:14:47,636 [WARN] PackLoader:240 - Cannot read IP mode file for STMicroelectronics.X-CUBE-DPower.1.3.0
2025-04-01 14:14:47,665 [WARN] ConditionMgr:438 - getConditionDescription Invalid condition id : LAN8742 Phy interface Condition cause : null
2025-04-01 14:14:47,666 [WARN] PackLoader:240 - Cannot read IP mode file for STMicroelectronics.X-CUBE-AZRTOS-L4.2.0.0
2025-04-01 14:14:47,668 [WARN] ConditionMgr:1039 - genDependencies : Invalid condition id : LAN8742 Phy interface Condition cause : null
2025-04-01 14:14:47,668 [WARN] ConditionMgr:1039 - genDependencies : Invalid condition id : LAN8742 Phy interface Condition cause : null
2025-04-01 14:14:47,669 [WARN] ConditionMgr:1039 - genDependencies : Invalid condition id : LAN8742 Phy interface Condition cause : null
2025-04-01 14:14:47,681 [WARN] PackLoader:240 - Cannot read IP mode file for STMicroelectronics.X-CUBE-SFXS2LP1.4.0.0
2025-04-01 14:14:47,715 [WARN] PackLoader:240 - Cannot read IP mode file for STMicroelectronics.X-CUBE-AZRTOS-H7.3.3.0
2025-04-01 14:14:47,741 [WARN] ConditionMgr:438 - getConditionDescription Invalid condition id : UX DEVICE CLASS RTOS Condition cause : null
2025-04-01 14:14:47,741 [WARN] ConditionMgr:438 - getConditionDescription Invalid condition id : UX DEVICE CLASS RTOS Condition cause : null
2025-04-01 14:14:47,745 [WARN] PackLoader:240 - Cannot read IP mode file for STMicroelectronics.X-CUBE-AZRTOS-WB.2.0.0
2025-04-01 14:14:47,746 [WARN] ConditionMgr:1039 - genDependencies : Invalid condition id : UX DEVICE CLASS RTOS Condition cause : null
2025-04-01 14:14:47,746 [WARN] ConditionMgr:1039 - genDependencies : Invalid condition id : UX DEVICE CLASS RTOS Condition cause : null
2025-04-01 14:14:47,747 [WARN] ConditionMgr:1039 - genDependencies : Invalid condition id : UX DEVICE CLASS RTOS Condition cause : null
2025-04-01 14:14:47,747 [WARN] ConditionMgr:1039 - genDependencies : Invalid condition id : UX DEVICE CLASS RTOS Condition cause : null
2025-04-01 14:14:47,748 [WARN] ConditionMgr:1039 - genDependencies : Invalid condition id : UX DEVICE CLASS RTOS Condition cause : null
2025-04-01 14:14:47,757 [WARN] PackLoader:240 - Cannot read IP mode file for STMicroelectronics.X-CUBE-GNSS1.7.0.1
2025-04-01 14:14:47,766 [WARN] PackLoader:240 - Cannot read IP mode file for STMicroelectronics.X-CUBE-TOUCHGFX.4.25.0
2025-04-01 14:14:47,781 [WARN] PackLoader:240 - Cannot read IP mode file for STMicroelectronics.X-CUBE-SUBG2.5.0.0
2025-04-01 14:14:47,817 [WARN] PackLoader:240 - Cannot read IP mode file for STMicroelectronics.X-CUBE-AZRTOS-H7RS.1.1.0
2025-04-01 14:14:47,833 [WARN] PackLoader:240 - Cannot read IP mode file for Cesanta.I-CUBE-Mongoose.7.13.0
2025-04-01 14:14:47,855 [WARN] PackLoader:240 - Cannot read IP mode file for STMicroelectronics.X-CUBE-AZRTOS-G4.2.0.0
2025-04-01 14:14:47,863 [ERROR] Engine:466 - C:\Users\funny\.stm32cubemx\thirdparties\pdsc\STMicroelectronics.X-CUBE-IPS.3.1.0.pdsc: PDSC version is not supported
2025-04-01 14:14:47,870 [WARN] PackLoader:240 - Cannot read IP mode file for STMicroelectronics.X-CUBE-ALS.1.0.2
2025-04-01 14:14:47,876 [WARN] PackLoader:240 - Cannot read IP mode file for STMicroelectronics.X-CUBE-TOUCHGFX.4.24.2
2025-04-01 14:14:47,882 [WARN] PackLoader:240 - Cannot read IP mode file for wolfSSL.I-CUBE-wolfTPM.3.4.0
2025-04-01 14:14:47,891 [WARN] PackLoader:240 - Cannot read IP mode file for portGmbH.I-Cube-SoM-uGOAL.1.1.0
2025-04-01 14:14:47,915 [WARN] PackLoader:240 - Cannot read IP mode file for STMicroelectronics.X-CUBE-AZRTOS-H7RS.1.0.0
2025-04-01 14:14:47,923 [WARN] PackLoader:240 - Cannot read IP mode file for STMicroelectronics.FP-ATR-ASTRA1.2.0.0
2025-04-01 14:14:47,938 [WARN] PackLoader:240 - Cannot read IP mode file for STMicroelectronics.X-CUBE-TOF1.3.4.2
2025-04-01 14:14:47,957 [WARN] PackLoader:240 - Cannot read IP mode file for wolfSSL.I-CUBE-wolfSSH.1.4.17
2025-04-01 14:14:47,958 [INFO] ThirdParty:978 - Integrity check success = true
2025-04-01 14:14:47,958 [INFO] IntegrityCheckThread:100 - exiting critical section [integrity check]
2025-04-01 14:14:47,958 [INFO] IntegrityCheckThread:103 - End integrity checks thread
2025-04-01 14:16:06,851 [ERROR] LogOutputStream:75 - [STDERR_REDIRECT] 
2025-04-01 14:16:06,856 [ERROR] LogOutputStream:75 - [STDERR_REDIRECT] 
